<?xml version="1.0" encoding="UTF-8"?>
<!-- Generated by org.testng.reporters.JUnitReportReporter -->
<testsuite hostname="Gayatris-MacBook-Air.local" failures="0" tests="1" name="com.makemytrip.selenium_cabstests.OutstationOneWayTests_usingPOM" time="8.487" errors="0" timestamp="2025-07-13T12:21:07 IST" skipped="0">
  <testcase classname="com.makemytrip.selenium_cabstests.OutstationOneWayTests_usingPOM" name="FuelTpeFilterverification" time="8.487"/>
</testsuite> <!-- com.makemytrip.selenium_cabstests.OutstationOneWayTests_usingPOM -->
