<?xml version="1.0" encoding="UTF-8"?>
<!-- Generated by org.testng.reporters.JUnitReportReporter -->
<testsuite hostname="Gayatris-MacBook-Air.local" failures="0" tests="4" name="com.makemytrip.selenium_cabstests.FormInputTagTextTest_usingKeyword" time="13.705" errors="0" timestamp="2025-07-07T16:07:43 IST" skipped="0">
  <testcase classname="com.makemytrip.selenium_cabstests.FormInputTagTextTest_usingKeyword" name="formInputTagsValidationForAllRadioBtns" time="3.105"/>
  <testcase classname="com.makemytrip.selenium_cabstests.FormInputTagTextTest_usingKeyword" name="formInputTagsValidationForAllRadioBtns" time="3.389"/>
  <testcase classname="com.makemytrip.selenium_cabstests.FormInputTagTextTest_usingKeyword" name="formInputTagsValidationForAllRadioBtns" time="3.417"/>
  <testcase classname="com.makemytrip.selenium_cabstests.FormInputTagTextTest_usingKeyword" name="formInputTagsValidationForAllRadioBtns" time="3.794"/>
</testsuite> <!-- com.makemytrip.selenium_cabstests.FormInputTagTextTest_usingKeyword -->
