<?xml version="1.0" encoding="UTF-8"?>
<!-- Generated by org.testng.reporters.JUnitReportReporter -->
<testsuite hostname="Gayatris-MacBook-Air.local" failures="0" tests="2" name="com.makemytrip.selenium_cabstests.OutstationRoadTrip_Validation" time="10.310" errors="0" timestamp="2025-08-02T20:00:11 IST" skipped="0">
  <testcase classname="com.makemytrip.selenium_cabstests.OutstationRoadTrip_Validation" name="dropTimeButtonValidation" time="7.490"/>
  <testcase classname="com.makemytrip.selenium_cabstests.OutstationRoadTrip_Validation" name="defaultDepartureAndReturnDateValidation" time="2.820"/>
</testsuite> <!-- com.makemytrip.selenium_cabstests.OutstationRoadTrip_Validation -->
