<?xml version="1.0" encoding="UTF-8"?>
<!-- Generated by org.testng.reporters.JUnitReportReporter -->
<testsuite hostname="Gayatris-MacBook-Air.local" failures="0" tests="1" name="com.makemytrip.selenium_cabstests.OutstationOneWayTests_usingPOM" time="2.789" errors="0" timestamp="2025-07-08T20:01:32 IST" skipped="0">
  <testcase classname="com.makemytrip.selenium_cabstests.OutstationOneWayTests_usingPOM" name="defaultDepartureDate" time="2.789"/>
</testsuite> <!-- com.makemytrip.selenium_cabstests.OutstationOneWayTests_usingPOM -->
