<?xml version="1.0" encoding="UTF-8"?>
<!-- Generated by org.testng.reporters.JUnitReportReporter -->
<testsuite hostname="Gayatris-MacBook-Air.local" failures="0" tests="1" name="com.makeMyTrip.selenium_tests.CabsTabButtonTest" time="1.775" errors="0" timestamp="2025-05-26T17:30:44 IST" skipped="0">
  <testcase classname="com.makeMyTrip.selenium_tests.CabsTabButtonTest" name="CabsButtonClickTest" time="1.775"/>
</testsuite> <!-- com.makeMyTrip.selenium_tests.CabsTabButtonTest -->
