<?xml version="1.0" encoding="UTF-8"?>
<!-- Generated by org.testng.reporters.JUnitReportReporter -->
<testsuite hostname="Gayatris-MacBook-Air.local" failures="0" tests="1" name="com.makeMyTrip.selenium_tests.FormInputTagsValidationforRideTypeRadioButton" time="0.112" errors="0" timestamp="2025-05-26T17:54:24 IST" skipped="0">
  <testcase classname="com.makeMyTrip.selenium_tests.FormInputTagsValidationforRideTypeRadioButton" name="verifyFormInputTagsForOutStationOneWay" time="0.112"/>
</testsuite> <!-- com.makeMyTrip.selenium_tests.FormInputTagsValidationforRideTypeRadioButton -->
