<?xml version="1.0" encoding="UTF-8"?>
<!-- Generated by org.testng.reporters.JUnitReportReporter -->
<testsuite hostname="Gayatris-MacBook-Air.local" failures="0" tests="4" name="com.makemytrip.selenium_cabstests.OutstationOneWayTests_usingKeyword" time="18.119" errors="0" timestamp="2025-08-02T19:01:29 IST" skipped="0">
  <testcase classname="com.makemytrip.selenium_cabstests.OutstationOneWayTests_usingKeyword" name="sameFromAndToCityErrorMsgValidation" time="5.229"/>
  <testcase classname="com.makemytrip.selenium_cabstests.OutstationOneWayTests_usingKeyword" name="sameFromAndToCityErrorMsgValidation" time="4.978"/>
  <testcase classname="com.makemytrip.selenium_cabstests.OutstationOneWayTests_usingKeyword" name="sameFromAndToCityErrorMsgValidation" time="5.099"/>
  <testcase classname="com.makemytrip.selenium_cabstests.OutstationOneWayTests_usingKeyword" name="messageOnReturnDate" time="2.813"/>
</testsuite> <!-- com.makemytrip.selenium_cabstests.OutstationOneWayTests_usingKeyword -->
