<?xml version="1.0" encoding="UTF-8"?>
<!-- Generated by org.testng.reporters.JUnitReportReporter -->
<testsuite hostname="Gayatris-MacBook-Air.local" failures="0" tests="4" name="com.makemytrip.selenium_cabstests.FormInputTagTextTest_usingKeyword" time="12.728" errors="0" timestamp="2025-08-02T20:00:36 IST" skipped="0">
  <testcase classname="com.makemytrip.selenium_cabstests.FormInputTagTextTest_usingKeyword" name="formInputTagsValidationForAllRadioBtns" time="3.831"/>
  <testcase classname="com.makemytrip.selenium_cabstests.FormInputTagTextTest_usingKeyword" name="formInputTagsValidationForAllRadioBtns" time="2.816"/>
  <testcase classname="com.makemytrip.selenium_cabstests.FormInputTagTextTest_usingKeyword" name="formInputTagsValidationForAllRadioBtns" time="3.105"/>
  <testcase classname="com.makemytrip.selenium_cabstests.FormInputTagTextTest_usingKeyword" name="formInputTagsValidationForAllRadioBtns" time="2.976"/>
</testsuite> <!-- com.makemytrip.selenium_cabstests.FormInputTagTextTest_usingKeyword -->
