<?xml version="1.0" encoding="UTF-8"?>
<!-- Generated by org.testng.reporters.JUnitReportReporter -->
<testsuite hostname="DESKTOP-C7RCVDM" failures="0" tests="1" name="com.trains.TrainsHomePageTest" time="121.506" errors="0" timestamp="2025-07-07T22:33:23 IST" skipped="0">
  <testcase classname="com.trains.TrainsHomePageTest" name="serachTrainsUsingPOM" time="121.506"/>
</testsuite> <!-- com.trains.TrainsHomePageTest -->
