<?xml version="1.0" encoding="UTF-8"?>
<!-- Generated by org.testng.reporters.JUnitReportReporter -->
<testsuite hostname="Gayatris-MacBook-Air.local" failures="0" tests="1" name="com.makemytrip.selenium_trainstests.TrainsHomePageTests" time="12.605" errors="0" timestamp="2025-07-07T16:18:35 IST" skipped="0">
  <testcase classname="com.makemytrip.selenium_trainstests.TrainsHomePageTests" name="search_trainsUsingKeyword" time="12.605"/>
</testsuite> <!-- com.makemytrip.selenium_trainstests.TrainsHomePageTests -->
