<?xml version="1.0" encoding="UTF-8"?>
<!-- Generated by org.testng.reporters.JUnitReportReporter -->
<testsuite hostname="Gayatris-MacBook-Air.local" failures="0" tests="1" name="com.makemytrip.selenium_cabstests.RideTypeRadioButtonValidation" time="3.067" errors="0" timestamp="2025-07-17T11:22:03 IST" skipped="0">
  <testcase classname="com.makemytrip.selenium_cabstests.RideTypeRadioButtonValidation" name="RideTypeRadioButtonCountTest" time="3.067"/>
</testsuite> <!-- com.makemytrip.selenium_cabstests.RideTypeRadioButtonValidation -->
