<?xml version="1.0" encoding="UTF-8"?>
<!-- Generated by org.testng.reporters.JUnitReportReporter -->
<testsuite hostname="Gayatris-MacBook-Air.local" failures="0" tests="2" name="com.makeMyTrip.selenium_tests.MakeMyTripNavigationTest" time="8.926" errors="0" timestamp="2025-05-26T17:44:27 IST" skipped="0">
  <testcase classname="com.makeMyTrip.selenium_tests.MakeMyTripNavigationTest" name="safariBrowser" time="6.125"/>
  <testcase classname="com.makeMyTrip.selenium_tests.MakeMyTripNavigationTest" name="chromeBrowser" time="2.801"/>
</testsuite> <!-- com.makeMyTrip.selenium_tests.MakeMyTripNavigationTest -->
