<?xml version="1.0" encoding="UTF-8"?>
<!-- Generated by org.testng.reporters.JUnitReportReporter -->
<testsuite hostname="Gayatris-MacBook-Air.local" failures="0" tests="16" name="com.makeMyTrip.selenium_cabsTests.TestClass" time="99.639" errors="1" timestamp="2025-07-02T17:47:48 IST" skipped="0">
  <testcase classname="com.makeMyTrip.selenium_cabsTests.TestClass" name="sameFromAndToCityErrorMsgValidationUsingKeyword" time="4.639"/>
  <testcase classname="com.makeMyTrip.selenium_cabsTests.TestClass" name="sameFromAndToCityErrorMsgValidationUsingKeyword" time="5.833"/>
  <testcase classname="com.makeMyTrip.selenium_cabsTests.TestClass" name="sameFromAndToCityErrorMsgValidationUsingKeyword" time="4.525"/>
  <testcase classname="com.makeMyTrip.selenium_cabsTests.TestClass" name="sameFromAndToCityErrorMsgValidationUsingKeyword" time="4.563"/>
  <testcase classname="com.makeMyTrip.selenium_cabsTests.TestClass" name="sameFromAndToCityErrorMsgValidationUsingKeyword" time="5.132"/>
  <testcase classname="com.makeMyTrip.selenium_cabsTests.TestClass" name="sameFromAndToCityErrorMsgValidationUsingKeyword" time="5.691"/>
  <testcase classname="com.makeMyTrip.selenium_cabsTests.TestClass" name="sameFromAndToCityErrorMsgValidationUsingKeyword" time="5.664"/>
  <testcase classname="com.makeMyTrip.selenium_cabsTests.TestClass" name="sameFromAndToCityErrorMsgValidationUsingKeyword" time="4.716"/>
  <testcase classname="com.makeMyTrip.selenium_cabsTests.TestClass" name="sameFromAndToCityErrorMsgValidationUsingKeyword" time="4.763"/>
  <testcase classname="com.makeMyTrip.selenium_cabsTests.TestClass" name="sameFromAndToCityErrorMsgValidationUsingKeyword" time="23.636">
    <error message="Expected condition failed: waiting for visibility of element located by By.xpath: //div[@class=&#039;autoSuggestPlugin hsw_autocomplePopup&#039;]//following::span[text()=&#039;Rajiv Gandhi International Airport, Hyderabad&#039;] (tried for 20 second(s) with 500 milliseconds interval)
Build info: version: &#039;4.31.0&#039;, revision: &#039;1ef9f18787*&#039;
System info: os.name: &#039;Mac OS X&#039;, os.arch: &#039;aarch64&#039;, os.version: &#039;14.6.1&#039;, java.version: &#039;17.0.11&#039;
Driver info: org.openqa.selenium.chrome.ChromeDriver
Capabilities {acceptInsecureCerts: false, browserName: chrome, browserVersion: 138.0.7204.92, chrome: {chromedriverVersion: 138.0.7204.92 (f079b9bc781e..., userDataDir: /var/folders/zf/jt1v52f10ts...}, fedcm:accounts: true, goog:chromeOptions: {debuggerAddress: localhost:52599}, networkConnectionEnabled: false, pageLoadStrategy: normal, platformName: mac, proxy: Proxy(), se:cdp: ws://localhost:52599/devtoo..., se:cdpVersion: 138.0.7204.92, setWindowRect: true, strictFileInteractability: false, timeouts: {implicit: 0, pageLoad: 300000, script: 30000}, unhandledPromptBehavior: dismiss and notify, webauthn:extension:credBlob: true, webauthn:extension:largeBlob: true, webauthn:extension:minPinLength: true, webauthn:extension:prf: true, webauthn:virtualAuthenticators: true}
Session ID: 3d86bec86590929f452b5ccf7d41d896" type="org.openqa.selenium.TimeoutException">
      <![CDATA[org.openqa.selenium.TimeoutException: Expected condition failed: waiting for visibility of element located by By.xpath: //div[@class='autoSuggestPlugin hsw_autocomplePopup']//following::span[text()='Rajiv Gandhi International Airport, Hyderabad'] (tried for 20 second(s) with 500 milliseconds interval)
Build info: version: '4.31.0', revision: '1ef9f18787*'
System info: os.name: 'Mac OS X', os.arch: 'aarch64', os.version: '14.6.1', java.version: '17.0.11'
Driver info: org.openqa.selenium.chrome.ChromeDriver
Capabilities {acceptInsecureCerts: false, browserName: chrome, browserVersion: 138.0.7204.92, chrome: {chromedriverVersion: 138.0.7204.92 (f079b9bc781e..., userDataDir: /var/folders/zf/jt1v52f10ts...}, fedcm:accounts: true, goog:chromeOptions: {debuggerAddress: localhost:52599}, networkConnectionEnabled: false, pageLoadStrategy: normal, platformName: mac, proxy: Proxy(), se:cdp: ws://localhost:52599/devtoo..., se:cdpVersion: 138.0.7204.92, setWindowRect: true, strictFileInteractability: false, timeouts: {implicit: 0, pageLoad: 300000, script: 30000}, unhandledPromptBehavior: dismiss and notify, webauthn:extension:credBlob: true, webauthn:extension:largeBlob: true, webauthn:extension:minPinLength: true, webauthn:extension:prf: true, webauthn:virtualAuthenticators: true}
Session ID: 3d86bec86590929f452b5ccf7d41d896
at org.openqa.selenium.support.ui.WebDriverWait.timeoutException(WebDriverWait.java:84)
at org.openqa.selenium.support.ui.FluentWait.until(FluentWait.java:228)
at com.makeMyTrip.base.Keyword.waitForElementVisible(Keyword.java:77)
at com.makeMyTrip.base.Keyword.clickOnElement(Keyword.java:52)
at com.makeMyTrip.selenium_cabsTests.TestClass.sameFromAndToCityErrorMsgValidationUsingKeyword(TestClass.java:15)
at java.base/jdk.internal.reflect.NativeMethodAccessorImpl.invoke0(Native Method)
at java.base/jdk.internal.reflect.NativeMethodAccessorImpl.invoke(NativeMethodAccessorImpl.java:77)
at java.base/jdk.internal.reflect.DelegatingMethodAccessorImpl.invoke(DelegatingMethodAccessorImpl.java:43)
at java.base/java.lang.reflect.Method.invoke(Method.java:568)
at org.testng.internal.invokers.MethodInvocationHelper.invokeMethod(MethodInvocationHelper.java:141)
at org.testng.internal.invokers.TestInvoker.invokeMethod(TestInvoker.java:686)
at org.testng.internal.invokers.TestInvoker.invokeTestMethod(TestInvoker.java:230)
at org.testng.internal.invokers.MethodRunner.runInSequence(MethodRunner.java:63)
at org.testng.internal.invokers.TestInvoker$MethodInvocationAgent.invoke(TestInvoker.java:992)
at org.testng.internal.invokers.TestInvoker.invokeTestMethods(TestInvoker.java:203)
at org.testng.internal.invokers.TestMethodWorker.invokeTestMethods(TestMethodWorker.java:154)
at org.testng.internal.invokers.TestMethodWorker.run(TestMethodWorker.java:134)
at java.base/java.util.ArrayList.forEach(ArrayList.java:1511)
at org.testng.TestRunner.privateRun(TestRunner.java:739)
at org.testng.TestRunner.run(TestRunner.java:614)
at org.testng.SuiteRunner.runTest(SuiteRunner.java:421)
at org.testng.SuiteRunner.runSequentially(SuiteRunner.java:413)
at org.testng.SuiteRunner.privateRun(SuiteRunner.java:373)
at org.testng.SuiteRunner.run(SuiteRunner.java:312)
at org.testng.SuiteRunnerWorker.runSuite(SuiteRunnerWorker.java:52)
at org.testng.SuiteRunnerWorker.run(SuiteRunnerWorker.java:95)
at org.testng.TestNG.runSuitesSequentially(TestNG.java:1274)
at org.testng.TestNG.runSuitesLocally(TestNG.java:1208)
at org.testng.TestNG.runSuites(TestNG.java:1112)
at org.testng.TestNG.run(TestNG.java:1079)
at org.testng.remote.AbstractRemoteTestNG.run(AbstractRemoteTestNG.java:115)
at org.testng.remote.RemoteTestNG.initAndRun(RemoteTestNG.java:293)
at org.testng.remote.RemoteTestNG.main(RemoteTestNG.java:91)
]]>
    </error>
  </testcase> <!-- sameFromAndToCityErrorMsgValidationUsingKeyword -->
  <testcase classname="com.makeMyTrip.selenium_cabsTests.TestClass" name="sameFromAndToCityErrorMsgValidationUsingKeyword" time="5.227"/>
  <testcase classname="com.makeMyTrip.selenium_cabsTests.TestClass" name="sameFromAndToCityErrorMsgValidationUsingKeyword" time="4.707"/>
  <testcase classname="com.makeMyTrip.selenium_cabsTests.TestClass" name="sameFromAndToCityErrorMsgValidationUsingKeyword" time="5.226"/>
  <testcase classname="com.makeMyTrip.selenium_cabsTests.TestClass" name="sameFromAndToCityErrorMsgValidationUsingKeyword" time="5.650"/>
  <testcase classname="com.makeMyTrip.selenium_cabsTests.TestClass" name="sameFromAndToCityErrorMsgValidationUsingKeyword" time="4.592"/>
  <testcase classname="com.makeMyTrip.selenium_cabsTests.TestClass" name="sameFromAndToCityErrorMsgValidationUsingKeyword" time="5.075"/>
</testsuite> <!-- com.makeMyTrip.selenium_cabsTests.TestClass -->
