<?xml version="1.0" encoding="UTF-8"?>
<!-- Generated by org.testng.reporters.JUnitReportReporter -->
<testsuite hostname="Gayatris-MacBook-Air.local" failures="0" tests="1" name="com.makeMyTrip.selenium_tests.OutstationOneWay_Validations" time="2.385" errors="0" timestamp="2025-05-27T10:21:16 IST" skipped="0">
  <testcase classname="com.makeMyTrip.selenium_tests.OutstationOneWay_Validations" name="sameFromAndToCityValidation" time="2.385"/>
</testsuite> <!-- com.makeMyTrip.selenium_tests.OutstationOneWay_Validations -->
