<?xml version="1.0" encoding="UTF-8"?>
<!-- Generated by org.testng.reporters.JUnitReportReporter -->
<testsuite hostname="Gayatris-MacBook-Air.local" failures="0" tests="1" name="com.makemytrip.selenium_cabstests.OutstationOneWayTests_usingPOM" time="6.410" errors="0" timestamp="2025-07-07T17:31:45 IST" skipped="0">
  <testcase classname="com.makemytrip.selenium_cabstests.OutstationOneWayTests_usingPOM" name="SameInvalidOutstationOneWayCabSearch" time="6.410"/>
</testsuite> <!-- com.makemytrip.selenium_cabstests.OutstationOneWayTests_usingPOM -->
