<?xml version="1.0" encoding="UTF-8"?>
<!-- Generated by org.testng.reporters.JUnitReportReporter -->
<testsuite hostname="Gayatris-MacBook-Air.local" failures="0" tests="1" name="com.makemytrip.selenium_cabstests.OutstationOneWayTests_usingPOM" time="11.737" errors="0" timestamp="2025-07-09T15:54:35 IST" skipped="0">
  <testcase classname="com.makemytrip.selenium_cabstests.OutstationOneWayTests_usingPOM" name="FuelTpeFilterverification" time="11.737"/>
</testsuite> <!-- com.makemytrip.selenium_cabstests.OutstationOneWayTests_usingPOM -->
