<?xml version="1.0" encoding="UTF-8"?>
<!-- Generated by org.testng.reporters.JUnitReportReporter -->
<testsuite hostname="Gayatris-MacBook-Air.local" failures="0" tests="1" name="com.makeMyTrip.selenium_cabsTests.TestClass" time="8.696" errors="0" timestamp="2025-07-06T00:14:59 IST" skipped="0">
  <testcase classname="com.makeMyTrip.selenium_cabsTests.TestClass" name="validOutstationOneWayCabSearch" time="8.696"/>
</testsuite> <!-- com.makeMyTrip.selenium_cabsTests.TestClass -->
