<?xml version="1.0" encoding="UTF-8"?>
<!-- Generated by org.testng.reporters.JUnitReportReporter -->
<testsuite hostname="Gayatris-MacBook-Air.local" failures="0" tests="4" name="com.makemytrip.runners.FeatureRunner" time="28.879" errors="0" timestamp="2025-08-05T15:14:24 IST" skipped="0">
  <testcase classname="com.makemytrip.runners.FeatureRunner" name="runScenario" time="5.153"/>
  <testcase classname="com.makemytrip.runners.FeatureRunner" name="runScenario" time="10.555"/>
  <testcase classname="com.makemytrip.runners.FeatureRunner" name="runScenario" time="6.988"/>
  <testcase classname="com.makemytrip.runners.FeatureRunner" name="runScenario" time="6.183"/>
</testsuite> <!-- com.makemytrip.runners.FeatureRunner -->
