<?xml version="1.0" encoding="UTF-8"?>
<!-- Generated by org.testng.reporters.JUnitReportReporter -->
<testsuite hostname="Gayatris-MacBook-Air.local" failures="0" tests="4" name="com.makemytrip.selenium_cabstests.FormInputTagTextTest_usingKeyword" time="14.668" errors="0" timestamp="2025-07-09T14:30:18 IST" skipped="0">
  <testcase classname="com.makemytrip.selenium_cabstests.FormInputTagTextTest_usingKeyword" name="formInputTagsValidationForAllRadioBtns" time="4.056"/>
  <testcase classname="com.makemytrip.selenium_cabstests.FormInputTagTextTest_usingKeyword" name="formInputTagsValidationForAllRadioBtns" time="3.533"/>
  <testcase classname="com.makemytrip.selenium_cabstests.FormInputTagTextTest_usingKeyword" name="formInputTagsValidationForAllRadioBtns" time="3.552"/>
  <testcase classname="com.makemytrip.selenium_cabstests.FormInputTagTextTest_usingKeyword" name="formInputTagsValidationForAllRadioBtns" time="3.527"/>
</testsuite> <!-- com.makemytrip.selenium_cabstests.FormInputTagTextTest_usingKeyword -->
