<?xml version="1.0" encoding="UTF-8"?>
<!-- Generated by org.testng.reporters.JUnitReportReporter -->
<testsuite hostname="Gayatris-MacBook-Air.local" failures="0" tests="4" name="com.makeMyTrip.selenium_cabsTests.FormInputTags_validations" time="14.760" errors="0" timestamp="2025-07-03T00:24:55 IST" skipped="0">
  <testcase classname="com.makeMyTrip.selenium_cabsTests.FormInputTags_validations" name="formInputTagsValidationForAllRadioBtns" time="2.852"/>
  <testcase classname="com.makeMyTrip.selenium_cabsTests.FormInputTags_validations" name="formInputTagsValidationForAllRadioBtns" time="3.958"/>
  <testcase classname="com.makeMyTrip.selenium_cabsTests.FormInputTags_validations" name="formInputTagsValidationForAllRadioBtns" time="4.082"/>
  <testcase classname="com.makeMyTrip.selenium_cabsTests.FormInputTags_validations" name="formInputTagsValidationForAllRadioBtns" time="3.868"/>
</testsuite> <!-- com.makeMyTrip.selenium_cabsTests.FormInputTags_validations -->
