<?xml version="1.0" encoding="UTF-8"?>
<!-- Generated by org.testng.reporters.JUnitReportReporter -->
<testsuite hostname="Gayatris-MacBook-Air.local" failures="0" tests="2" name="com.makeMyTrip.selenium_cabsTests.MakeMyTripNavigationTest" time="7.626" errors="0" timestamp="2025-06-25T13:14:11 IST" skipped="0">
  <testcase classname="com.makeMyTrip.selenium_cabsTests.MakeMyTripNavigationTest" name="chromeBrowser" time="3.703"/>
  <testcase classname="com.makeMyTrip.selenium_cabsTests.MakeMyTripNavigationTest" name="safariBrowser" time="3.923"/>
</testsuite> <!-- com.makeMyTrip.selenium_cabsTests.MakeMyTripNavigationTest -->
