<?xml version="1.0" encoding="UTF-8"?>
<!-- Generated by org.testng.reporters.JUnitReportReporter -->
<testsuite hostname="Gayatris-MacBook-Air.local" failures="0" tests="1" name="com.makeMyTrip.selenium_cabsTests.OutstationOneWay" time="4.405" errors="0" timestamp="2025-07-05T17:12:17 IST" skipped="0">
  <testcase classname="com.makeMyTrip.selenium_cabsTests.OutstationOneWay" name="defaultDepartureDate" time="4.405"/>
</testsuite> <!-- com.makeMyTrip.selenium_cabsTests.OutstationOneWay -->
