<?xml version="1.0" encoding="UTF-8"?>
<!-- Generated by org.testng.reporters.JUnitReportReporter -->
<testsuite hostname="Gayatris-MacBook-Air.local" failures="0" tests="1" name="com.makeMyTrip.base.TestBase" time="2.454" errors="0" timestamp="2025-07-05T17:41:24 IST" skipped="0">
  <testcase classname="com.makeMyTrip.base.TestBase" name="launchBrowser" time="2.454"/>
</testsuite> <!-- com.makeMyTrip.base.TestBase -->
