<?xml version="1.0" encoding="UTF-8"?>
<!-- Generated by org.testng.reporters.JUnitReportReporter -->
<testsuite hostname="Gayatris-MacBook-Air.local" failures="0" tests="2" name="com.makemytrip.selenium_cabstests.OutstationRoadTripTests_usingPOM" time="26.759" errors="0" timestamp="2025-08-02T19:53:33 IST" skipped="0">
  <testcase classname="com.makemytrip.selenium_cabstests.OutstationRoadTripTests_usingPOM" name="addStopsButtonValidation" time="17.143"/>
  <testcase classname="com.makemytrip.selenium_cabstests.OutstationRoadTripTests_usingPOM" name="validOutstationRoundTripCabSearch" time="9.616"/>
</testsuite> <!-- com.makemytrip.selenium_cabstests.OutstationRoadTripTests_usingPOM -->
