<?xml version="1.0" encoding="UTF-8"?>
<!-- Generated by org.testng.reporters.JUnitReportReporter -->
<testsuite hostname="Gayatris-MacBook-Air.local" failures="0" tests="7" name="com.makemytrip.selenium_cabstests.OutstationOneWayTests_usingPOM" time="51.037" errors="0" timestamp="2025-08-02T19:50:40 IST" skipped="0">
  <testcase classname="com.makemytrip.selenium_cabstests.OutstationOneWayTests_usingPOM" name="validOutstationOneWayCabSearch" time="6.804"/>
  <testcase classname="com.makemytrip.selenium_cabstests.OutstationOneWayTests_usingPOM" name="defaultDepartureDate" time="2.051"/>
  <testcase classname="com.makemytrip.selenium_cabstests.OutstationOneWayTests_usingPOM" name="validOutstationOneWayCabSearch" time="8.056"/>
  <testcase classname="com.makemytrip.selenium_cabstests.OutstationOneWayTests_usingPOM" name="FuelTpeFilterverification" time="8.090"/>
  <testcase classname="com.makemytrip.selenium_cabstests.OutstationOneWayTests_usingPOM" name="validOutstationOneWayCabSearch" time="7.896"/>
  <testcase classname="com.makemytrip.selenium_cabstests.OutstationOneWayTests_usingPOM" name="SameInvalidOutstationOneWayCabSearch" time="7.280"/>
  <testcase classname="com.makemytrip.selenium_cabstests.OutstationOneWayTests_usingPOM" name="validOutstationOneWayCabSearch" time="10.860"/>
</testsuite> <!-- com.makemytrip.selenium_cabstests.OutstationOneWayTests_usingPOM -->
